2025-11-21 12:51:29,278 -INFO -Loaded: begin_inventory.csv \u2192 table: begin_inventory
2025-11-21 12:52:02,128 -INFO -Loaded: end_inventory.csv \u2192 table: end_inventory
2025-11-21 13:02:36,248 -INFO -Loaded: purchases.csv \u2192 table: purchases
2025-11-21 13:02:37,979 -INFO -Loaded: purchase_prices.csv \u2192 table: purchase_prices
2025-11-21 15:01:36,397 - INFO - === Starting Full Ingestion ===
2025-11-21 15:01:36,398 - INFO - Starting ingestion for: begin_inventory.csv
2025-11-21 15:01:53,655 - INFO - Completed ingestion: begin_inventory.csv \u2192 table: begin_inventory (Time: 0.29 minutes)
2025-11-21 15:01:53,656 - INFO - Starting ingestion for: end_inventory.csv
2025-11-21 15:02:10,496 - INFO - Completed ingestion: end_inventory.csv \u2192 table: end_inventory (Time: 0.28 minutes)
2025-11-21 15:02:10,496 - INFO - Starting ingestion for: purchases.csv
2025-11-21 15:08:40,503 - INFO - Completed ingestion: purchases.csv \u2192 table: purchases (Time: 6.50 minutes)
2025-11-21 15:08:40,505 - INFO - Starting ingestion for: purchase_prices.csv
2025-11-21 15:08:41,690 - INFO - Completed ingestion: purchase_prices.csv \u2192 table: purchase_prices (Time: 0.02 minutes)
2025-11-21 15:08:41,691 - INFO - Starting ingestion for: sales.csv
2025-11-21 15:38:04,360 - ERROR - ERROR during ingestion of sales.csv: Can't reconnect until invalid transaction is rolled back.  Please rollback() fully before proceeding (Background on this error at: https://sqlalche.me/e/20/8s2b)
2025-11-21 15:38:04,365 - INFO - Starting ingestion for: vendor_invoice.csv
2025-11-21 15:38:05,648 - INFO - Completed ingestion: vendor_invoice.csv \u2192 table: vendor_invoice (Time: 0.02 minutes)
2025-11-21 15:38:05,648 - INFO - === Ingestion Completed Successfully ===
2025-11-21 20:05:18,415 - INFO - === Starting Full Ingestion ===
2025-11-21 20:05:18,419 - INFO - Starting ingestion for: begin_inventory.csv
2025-11-21 20:05:18,420 - INFO - Using pandas-chunks for begin_inventory.csv
2025-11-21 20:05:40,012 - INFO - Completed ingestion: begin_inventory.csv \u2192 begin_inventory (Time: 0.36 mins)
2025-11-21 20:05:40,013 - INFO - Starting ingestion for: end_inventory.csv
2025-11-21 20:05:40,014 - INFO - Using pandas-chunks for end_inventory.csv
2025-11-21 20:06:00,110 - INFO - Completed ingestion: end_inventory.csv \u2192 end_inventory (Time: 0.33 mins)
2025-11-21 20:06:00,111 - INFO - Starting ingestion for: purchases.csv
2025-11-21 20:06:00,112 - INFO - Using COPY for purchases.csv (size: 344.83 MB)
2025-11-21 20:06:00,112 - ERROR - ERROR during ingestion of purchases.csv: Not an executable object: 'DROP TABLE IF EXISTS purchases'
2025-11-21 20:06:00,112 - INFO - Starting ingestion for: purchase_prices.csv
2025-11-21 20:06:00,113 - INFO - Using pandas-chunks for purchase_prices.csv
2025-11-21 20:06:01,088 - INFO - Completed ingestion: purchase_prices.csv \u2192 purchase_prices (Time: 0.02 mins)
2025-11-21 20:06:01,089 - INFO - Starting ingestion for: sales.csv
2025-11-21 20:06:01,089 - INFO - Using COPY for sales.csv (size: 1522.76 MB)
2025-11-21 20:06:01,089 - ERROR - ERROR during ingestion of sales.csv: Not an executable object: 'DROP TABLE IF EXISTS sales'
2025-11-21 20:06:01,090 - INFO - Starting ingestion for: vendor_invoice.csv
2025-11-21 20:06:01,090 - INFO - Using pandas-chunks for vendor_invoice.csv
2025-11-21 20:06:01,610 - INFO - Completed ingestion: vendor_invoice.csv \u2192 vendor_invoice (Time: 0.01 mins)
2025-11-21 20:06:01,610 - INFO - === Ingestion Completed Successfully ===
2025-11-21 20:16:39,125 - INFO - === Starting Full Ingestion ===
2025-11-21 20:16:39,131 - INFO - Starting ingestion for: begin_inventory.csv
2025-11-21 20:16:39,132 - INFO - Using pandas-chunks for begin_inventory.csv
2025-11-21 20:16:56,165 - INFO - Completed ingestion: begin_inventory.csv \u2192 begin_inventory (Time: 0.28 mins)
2025-11-21 20:16:56,166 - INFO - Starting ingestion for: end_inventory.csv
2025-11-21 20:16:56,166 - INFO - Using pandas-chunks for end_inventory.csv
2025-11-21 20:17:12,617 - INFO - Completed ingestion: end_inventory.csv \u2192 end_inventory (Time: 0.27 mins)
2025-11-21 20:17:12,618 - INFO - Starting ingestion for: purchases.csv
2025-11-21 20:17:12,618 - INFO - Using COPY for purchases.csv (size: 344.83 MB)
2025-11-21 20:17:12,722 - ERROR - ERROR during ingestion of purchases.csv: '_ConnectionFairy' object does not support the context manager protocol
2025-11-21 20:17:12,722 - INFO - Starting ingestion for: purchase_prices.csv
2025-11-21 20:17:12,723 - INFO - Using pandas-chunks for purchase_prices.csv
2025-11-21 20:17:13,721 - INFO - Completed ingestion: purchase_prices.csv \u2192 purchase_prices (Time: 0.02 mins)
2025-11-21 20:17:13,721 - INFO - Starting ingestion for: sales.csv
2025-11-21 20:17:13,722 - INFO - Using COPY for sales.csv (size: 1522.76 MB)
2025-11-21 20:17:13,746 - ERROR - ERROR during ingestion of sales.csv: '_ConnectionFairy' object does not support the context manager protocol
2025-11-21 20:17:13,746 - INFO - Starting ingestion for: vendor_invoice.csv
2025-11-21 20:17:13,746 - INFO - Using pandas-chunks for vendor_invoice.csv
2025-11-21 20:17:14,193 - INFO - Completed ingestion: vendor_invoice.csv \u2192 vendor_invoice (Time: 0.01 mins)
2025-11-21 20:17:14,194 - INFO - === Ingestion Completed Successfully ===
2025-11-21 21:02:21,199 - ERROR - No such comm target registered: jupyter.widget.control
2025-11-21 21:02:21,221 - WARNING - No such comm: 4435b9c7-365c-43a3-93eb-c02d98c8e640
2025-11-21 21:02:21,221 - DEBUG - Current comms: []
2025-11-22 23:56:48,698 - INFO - === Starting Chunk-Based Ingestion ===
2025-11-22 23:56:48,700 - INFO - Starting chunk-ingestion for: begin_inventory.csv
2025-11-23 00:04:02,932 - INFO - Completed chunk-ingestion: begin_inventory.csv \u2192 begin_inventory (7.24 mins)
2025-11-23 00:04:02,944 - INFO - Starting chunk-ingestion for: end_inventory.csv
2025-11-23 00:10:05,750 - INFO - Completed chunk-ingestion: end_inventory.csv \u2192 end_inventory (6.05 mins)
2025-11-23 00:10:05,757 - INFO - Starting chunk-ingestion for: purchases.csv
2025-12-05 02:42:57,176 - INFO - === Starting Selective Chunk-Based Ingestion ===
2025-12-05 02:42:57,362 - INFO - Skipping begin_inventory.csv: table exists.
2025-12-05 02:42:57,366 - INFO - Skipping end_inventory.csv: table exists.
2025-12-05 02:42:57,369 - INFO - Skipping purchases.csv: table exists.
2025-12-05 02:42:57,371 - INFO - Skipping purchase_prices.csv: table exists.
2025-12-05 02:42:57,374 - INFO - Processing sales.csv
2025-12-05 02:42:57,377 - ERROR - ERROR loading sales.csv: read_csv() got an unexpected keyword argument 'errors'
2025-12-05 02:42:57,380 - INFO - Skipping vendor_invoice.csv: table exists.
2025-12-05 02:42:57,380 - INFO - === Selective Ingestion Completed ===
2025-12-05 02:48:15,465 - INFO - === Starting Selective Chunk-Based Ingestion ===
2025-12-05 02:48:15,636 - INFO - Skipping begin_inventory.csv: table exists.
2025-12-05 02:48:15,639 - INFO - Skipping end_inventory.csv: table exists.
2025-12-05 02:48:15,642 - INFO - Skipping purchases.csv: table exists.
2025-12-05 02:48:15,644 - INFO - Skipping purchase_prices.csv: table exists.
2025-12-05 02:48:15,648 - INFO - Processing sales.csv
2025-12-05 12:37:24,961 - INFO - === Starting Selective Chunk-Based Ingestion ===
2025-12-05 12:37:25,137 - INFO - Skipping begin_inventory.csv: table exists.
2025-12-05 12:37:25,140 - INFO - Skipping end_inventory.csv: table exists.
2025-12-05 12:37:25,142 - INFO - Skipping purchases.csv: table exists.
2025-12-05 12:37:25,144 - INFO - Skipping purchase_prices.csv: table exists.
2025-12-05 12:37:25,146 - INFO - Processing sales.csv
2025-12-05 12:47:56,747 - INFO - Completed sales.csv \u2192 sales
2025-12-05 12:47:56,758 - INFO - Skipping vendor_invoice.csv: table exists.
2025-12-05 12:47:56,759 - INFO - === Selective Ingestion Completed ===
